-------------------------------------------------------------------------------
Test set: tool.BaseTest
-------------------------------------------------------------------------------
Tests run: 1, Failures: 0, Errors: 1, Skipped: 0, Time elapsed: 0.144 s <<< FAILURE! - in tool.BaseTest
initializationError(tool.BaseTest)  Time elapsed: 0.003 s  <<< ERROR!
java.lang.Exception: No runnable methods

